<?xml version="1.0" encoding="UTF-8"?>
<!-- Generated by org.testng.reporters.JUnitReportReporter -->
<testsuite skipped="0" hostname="Dell-7010" name="testCases.iFrameDemo" tests="1" failures="0" timestamp="2020-12-16T20:08:46 EST" time="5.855" errors="0">
  <testcase name="homepageValidation" time="5.855" classname="testCases.iFrameDemo"/>
  <system-out/>
</testsuite> <!-- testCases.iFrameDemo -->
